{"level":40,"time":1770027184062,"pid":25172,"hostname":"GauravHP","req":{"id":1,"method":"GET","url":"/api/v1/users/1","query":{},"params":{}},"res":{"statusCode":401},"responseTime":15,"msg":"request completed"}
{"level":40,"time":1770027215364,"pid":25172,"hostname":"GauravHP","req":{"id":2,"method":"POST","url":"/api/v1/users/signup","query":{},"params":{}},"res":{"statusCode":400},"responseTime":2,"msg":"request completed"}
{"level":40,"time":1770027221839,"pid":25172,"hostname":"GauravHP","req":{"id":3,"method":"POST","url":"/api/v1/users/signup","query":{},"params":{}},"res":{"statusCode":409},"responseTime":5,"msg":"request completed"}
{"level":30,"time":1770027309684,"pid":4572,"hostname":"GauravHP","msg":"Server is running on http://localhost:8080"}
{"level":30,"time":1770027311672,"pid":4640,"hostname":"GauravHP","msg":"Server is running on http://localhost:8080"}
{"level":30,"time":1770027358105,"pid":25240,"hostname":"GauravHP","msg":"Server is running on http://localhost:8080"}
{"level":30,"time":1770032063227,"pid":22732,"hostname":"GauravHP","req":{"id":1,"method":"POST","url":"/api/v1/users/signup"},"res":{"statusCode":201},"responseTime":4811,"msg":"request completed"}
{"level":30,"time":1770032091391,"pid":22732,"hostname":"GauravHP","req":{"id":2,"method":"POST","url":"/api/v1/users/signup"},"res":{"statusCode":201},"responseTime":4118,"msg":"request completed"}
{"level":40,"time":1770032143554,"pid":22732,"hostname":"GauravHP","req":{"id":3,"method":"GET","url":"/api/v1/users/"},"res":{"statusCode":401},"responseTime":1,"msg":"request completed"}
{"level":30,"time":1770032164361,"pid":9568,"hostname":"GauravHP","req":{"id":1,"method":"GET","url":"/api/v1/users/"},"res":{"statusCode":200},"responseTime":304,"msg":"request completed"}
{"level":30,"time":1770032203930,"pid":19344,"hostname":"GauravHP","req":{"id":1,"method":"GET","url":"/api/v1/users/"},"res":{"statusCode":200},"responseTime":185,"msg":"request completed"}
{"level":30,"time":1770032377640,"pid":7772,"hostname":"GauravHP","req":{"id":1,"method":"GET","url":"/api/v1/users/"},"res":{"statusCode":200},"responseTime":182,"msg":"request completed"}
{"level":30,"time":1770032465256,"pid":20212,"hostname":"GauravHP","req":{"id":1,"method":"GET","url":"/api/v1/users/"},"res":{"statusCode":200},"responseTime":179,"msg":"request completed"}
{"level":30,"time":1770032779985,"pid":24808,"hostname":"GauravHP","req":{"id":1,"method":"POST","url":"/api/v1/users/signup"},"res":{"statusCode":201},"responseTime":5126,"msg":"request completed"}
{"level":30,"time":1770032795508,"pid":24808,"hostname":"GauravHP","req":{"id":2,"method":"POST","url":"/api/v1/users/signup"},"res":{"statusCode":201},"responseTime":4522,"msg":"request completed"}
{"level":30,"time":1770032804206,"pid":24808,"hostname":"GauravHP","req":{"id":3,"method":"POST","url":"/api/v1/users/signup"},"res":{"statusCode":201},"responseTime":4336,"msg":"request completed"}
{"level":30,"time":1770032817780,"pid":24808,"hostname":"GauravHP","req":{"id":4,"method":"POST","url":"/api/v1/users/signup"},"res":{"statusCode":201},"responseTime":4169,"msg":"request completed"}
{"level":30,"time":1770032825605,"pid":24808,"hostname":"GauravHP","req":{"id":5,"method":"POST","url":"/api/v1/users/signup"},"res":{"statusCode":201},"responseTime":4212,"msg":"request completed"}
{"level":30,"time":1770032839427,"pid":24808,"hostname":"GauravHP","req":{"id":6,"method":"POST","url":"/api/v1/users/signup"},"res":{"statusCode":201},"responseTime":4147,"msg":"request completed"}
{"level":30,"time":1770032848541,"pid":24808,"hostname":"GauravHP","req":{"id":7,"method":"POST","url":"/api/v1/users/signup"},"res":{"statusCode":201},"responseTime":4355,"msg":"request completed"}
{"level":30,"time":1770032858472,"pid":24808,"hostname":"GauravHP","req":{"id":8,"method":"POST","url":"/api/v1/users/signup"},"res":{"statusCode":201},"responseTime":4059,"msg":"request completed"}
{"level":30,"time":1770032867484,"pid":24808,"hostname":"GauravHP","req":{"id":9,"method":"POST","url":"/api/v1/users/signup"},"res":{"statusCode":201},"responseTime":4165,"msg":"request completed"}
{"level":30,"time":1770032879059,"pid":24808,"hostname":"GauravHP","req":{"id":10,"method":"POST","url":"/api/v1/users/signup"},"res":{"statusCode":201},"responseTime":4503,"msg":"request completed"}
{"level":50,"time":1770032959622,"pid":24808,"hostname":"GauravHP","req":{"id":11,"method":"GET","url":"/api/v1/users?page=0&offset=2"},"res":{"statusCode":500},"err":{"message":"failed with status code 500","stack":"Error: failed with status code 500\n    at onResFinished (C:\\Users\\91896\\.vscode\\TRUEiGTECH\\SEQUELIZE\\node_modules\\pino-http\\logger.js:115:39)\n    at ServerResponse.onResponseComplete (C:\\Users\\91896\\.vscode\\TRUEiGTECH\\SEQUELIZE\\node_modules\\pino-http\\logger.js:178:14)\n    at ServerResponse.emit (node:events:519:35)\n    at onFinish (node:_http_outgoing:1024:10)\n    at callback (node:internal/streams/writable:764:21)\n    at afterWrite (node:internal/streams/writable:708:5)\n    at afterWriteTick (node:internal/streams/writable:694:10)\n    at process.processTicksAndRejections (node:internal/process/task_queues:89:21)"},"responseTime":2,"msg":"request errored"}
{"level":50,"time":1770033281567,"pid":20412,"hostname":"GauravHP","req":{"id":1,"method":"GET","url":"/api/v1/users?page=0&offset=2"},"res":{"statusCode":500},"err":{"message":"failed with status code 500","stack":"Error: failed with status code 500\n    at onResFinished (C:\\Users\\91896\\.vscode\\TRUEiGTECH\\SEQUELIZE\\node_modules\\pino-http\\logger.js:115:39)\n    at ServerResponse.onResponseComplete (C:\\Users\\91896\\.vscode\\TRUEiGTECH\\SEQUELIZE\\node_modules\\pino-http\\logger.js:178:14)\n    at ServerResponse.emit (node:events:519:35)\n    at onFinish (node:_http_outgoing:1024:10)\n    at callback (node:internal/streams/writable:764:21)\n    at afterWrite (node:internal/streams/writable:708:5)\n    at afterWriteTick (node:internal/streams/writable:694:10)\n    at process.processTicksAndRejections (node:internal/process/task_queues:89:21)"},"responseTime":203,"msg":"request errored"}
{"level":50,"time":1770033299603,"pid":24572,"hostname":"GauravHP","req":{"id":1,"method":"GET","url":"/api/v1/users?page=0&offset=2"},"res":{"statusCode":500},"err":{"message":"failed with status code 500","stack":"Error: failed with status code 500\n    at onResFinished (C:\\Users\\91896\\.vscode\\TRUEiGTECH\\SEQUELIZE\\node_modules\\pino-http\\logger.js:115:39)\n    at ServerResponse.onResponseComplete (C:\\Users\\91896\\.vscode\\TRUEiGTECH\\SEQUELIZE\\node_modules\\pino-http\\logger.js:178:14)\n    at ServerResponse.emit (node:events:519:35)\n    at onFinish (node:_http_outgoing:1024:10)\n    at callback (node:internal/streams/writable:764:21)\n    at afterWrite (node:internal/streams/writable:708:5)\n    at afterWriteTick (node:internal/streams/writable:694:10)\n    at process.processTicksAndRejections (node:internal/process/task_queues:89:21)"},"responseTime":175,"msg":"request errored"}
{"level":30,"time":1770033535126,"pid":22600,"hostname":"GauravHP","req":{"id":1,"method":"GET","url":"/api/v1/users?page=0&offset=2"},"res":{"statusCode":200},"responseTime":263,"msg":"request completed"}
{"level":30,"time":1770034026002,"pid":25488,"hostname":"GauravHP","req":{"id":1,"method":"GET","url":"/api/v1/users?page=0&offset=2"},"res":{"statusCode":200},"responseTime":192,"msg":"request completed"}
{"level":30,"time":1770034032829,"pid":25488,"hostname":"GauravHP","req":{"id":2,"method":"GET","url":"/api/v1/users?page=0&offset=100"},"res":{"statusCode":200},"responseTime":8,"msg":"request completed"}
{"level":30,"time":1770034054170,"pid":25488,"hostname":"GauravHP","req":{"id":3,"method":"GET","url":"/api/v1/users?page=0&size=100"},"res":{"statusCode":200},"responseTime":76,"msg":"request completed"}
{"level":30,"time":1770034206373,"pid":25048,"hostname":"GauravHP","req":{"id":1,"method":"GET","url":"/api/v1/users?page=0&size=100"},"res":{"statusCode":200},"responseTime":147,"msg":"request completed"}
{"level":30,"time":1770034238583,"pid":7752,"hostname":"GauravHP","req":{"id":1,"method":"GET","url":"/api/v1/users?page=0&size=100"},"res":{"statusCode":200},"responseTime":163,"msg":"request completed"}
{"level":30,"time":1770034262358,"pid":21668,"hostname":"GauravHP","req":{"id":1,"method":"GET","url":"/api/v1/users?page=0&size=100"},"res":{"statusCode":200},"responseTime":147,"msg":"request completed"}
{"level":30,"time":1770034284522,"pid":21668,"hostname":"GauravHP","req":{"id":2,"method":"GET","url":"/api/v1/users?page=0&size=10"},"res":{"statusCode":200},"responseTime":67,"msg":"request completed"}
{"level":30,"time":1770034327836,"pid":19588,"hostname":"GauravHP","req":{"id":1,"method":"GET","url":"/api/v1/users?page=0&size=10"},"res":{"statusCode":200},"responseTime":272,"msg":"request completed"}
{"level":30,"time":1770034338818,"pid":19588,"hostname":"GauravHP","req":{"id":2,"method":"GET","url":"/api/v1/users?page=2&size=10"},"res":{"statusCode":200},"responseTime":60,"msg":"request completed"}
{"level":30,"time":1770034349759,"pid":19588,"hostname":"GauravHP","req":{"id":3,"method":"GET","url":"/api/v1/users?page=3&size=10"},"res":{"statusCode":200},"responseTime":63,"msg":"request completed"}
{"level":30,"time":1770034720501,"pid":22676,"hostname":"GauravHP","req":{"id":1,"method":"GET","url":"/api/v1/users?page=2&size=10"},"res":{"statusCode":200},"responseTime":147,"msg":"request completed"}
{"level":30,"time":1770034728671,"pid":22676,"hostname":"GauravHP","req":{"id":2,"method":"GET","url":"/api/v1/users?page=0&size=10"},"res":{"statusCode":200},"responseTime":8,"msg":"request completed"}
{"level":30,"time":1770034736001,"pid":22676,"hostname":"GauravHP","req":{"id":3,"method":"GET","url":"/api/v1/users?page=3&size=10"},"res":{"statusCode":200},"responseTime":5,"msg":"request completed"}
{"level":30,"time":1770034741170,"pid":22676,"hostname":"GauravHP","req":{"id":4,"method":"GET","url":"/api/v1/users?page=2&size=10"},"res":{"statusCode":200},"responseTime":3,"msg":"request completed"}
{"level":30,"time":1770034808405,"pid":24408,"hostname":"GauravHP","req":{"id":1,"method":"GET","url":"/api/v1/users?page=2&size=10"},"res":{"statusCode":200},"responseTime":285,"msg":"request completed"}
{"level":30,"time":1770034815659,"pid":24408,"hostname":"GauravHP","req":{"id":2,"method":"GET","url":"/api/v1/users?page=1&size=10"},"res":{"statusCode":200},"responseTime":86,"msg":"request completed"}
{"level":30,"time":1770035532221,"pid":25520,"hostname":"GauravHP","req":{"id":1,"method":"GET","url":"/api/v1/users?page=1&size=10"},"res":{"statusCode":200},"responseTime":198,"msg":"request completed"}
{"level":30,"time":1770035970586,"pid":11636,"hostname":"GauravHP","req":{"id":1,"method":"GET","url":"/api/v1/users?page=1&size=10&sortBy=name&order=ASC"},"res":{"statusCode":200},"responseTime":187,"msg":"request completed"}
{"level":30,"time":1770035976353,"pid":11636,"hostname":"GauravHP","req":{"id":2,"method":"GET","url":"/api/v1/users?page=1&size=10&sortBy=name&order=ASC"},"res":{"statusCode":200},"responseTime":5,"msg":"request completed"}
{"level":30,"time":1770036115037,"pid":11636,"hostname":"GauravHP","req":{"id":3,"method":"GET","url":"/api/v1/users?page=1&size=10&sortBy=email&order=ASC"},"res":{"statusCode":200},"responseTime":64,"msg":"request completed"}
{"level":30,"time":1770036169734,"pid":17312,"hostname":"GauravHP","req":{"id":1,"method":"GET","url":"/api/v1/users?page=1&size=10&sortBy=email&order=ASC"},"res":{"statusCode":200},"responseTime":185,"msg":"request completed"}
{"level":30,"time":1770036184705,"pid":17312,"hostname":"GauravHP","req":{"id":2,"method":"GET","url":"/api/v1/users?page=1&size=10&sortBy=name&order=ASC"},"res":{"statusCode":200},"responseTime":185,"msg":"request completed"}
{"level":30,"time":1770036194631,"pid":17312,"hostname":"GauravHP","req":{"id":3,"method":"GET","url":"/api/v1/users?page=1&size=10&sortBy=name&order=DESC"},"res":{"statusCode":200},"responseTime":4,"msg":"request completed"}
